<?xml version="1.0" encoding="UTF-8"?>
<testsuite xmlns:xsi="http://www.w3.org/2001/XMLSchema-instance" xsi:noNamespaceSchemaLocation="https://maven.apache.org/surefire/maven-surefire-plugin/xsd/surefire-test-report-3.0.xsd" version="3.0" name="com.fixitnow.FixItNowApplicationTests" time="20.906" tests="2" errors="0" skipped="0" failures="0">
  <properties>
[...]
</properties>
  <testcase name="testPersistAndRetrieveEntities" classname="com.fixitnow.FixItNowApplicationTests" time="3.833">
    <system-out><![CDATA[20:45:13.690 [main] INFO org.springframework.test.context.support.AnnotationConfigContextLoaderUtils -- Could not detect default configuration classes for test class [com.fixitnow.FixItNowApplicationTests]: FixItNowApplicationTests does not declare any static, non-private, non-final, nested classes annotated with @Configuration.
20:45:14.073 [main] INFO org.springframework.boot.test.context.SpringBootTestContextBootstrapper -- Found @SpringBootConfiguration com.fixitnow.FixItNowApplication for test class com.fixitnow.FixItNowApplicationTests

  .   ____          _            __ _ _
 /\\ / ___'_ __ _ _(_)_ __  __ _ \ \ \ \
( ( )\___ | '_ | '_| | '_ \/ _` | \ \ \ \
 \\/  ___)| |_)| | | | | || (_| |  ) ) ) )
  '  |____| .__|_| |_|_| |_\__, | / / / /
 =========|_|==============|___/=/_/_/_/

 :: Spring Boot ::                (v3.3.4)

2026-09-14T20:45:15.140-03:00  INFO 8744 --- [FixIt Now] [           main] com.fixitnow.FixItNowApplicationTests    : Starting FixItNowApplicationTests using Java 21.0.12.1 with PID 8744 (started by laura in C:\Users\laura\Documents\IES Manuel Belgrano\3º año\Proyecto Integrador\Fixitapp)
2026-09-14T20:45:15.148-03:00  INFO 8744 --- [FixIt Now] [           main] com.fixitnow.FixItNowApplicationTests    : No active profile set, falling back to 1 default profile: "default"
2026-09-14T20:45:17.750-03:00  INFO 8744 --- [FixIt Now] [           main] .s.d.r.c.RepositoryConfigurationDelegate : Bootstrapping Spring Data JPA repositories in DEFAULT mode.
2026-09-14T20:45:17.860-03:00  INFO 8744 --- [FixIt Now] [           main] .s.d.r.c.RepositoryConfigurationDelegate : Finished Spring Data repository scanning in 79 ms. Found 0 JPA repository interfaces.
2026-09-14T20:45:19.816-03:00  INFO 8744 --- [FixIt Now] [           main] o.hibernate.jpa.internal.util.LogHelper  : HHH000204: Processing PersistenceUnitInfo [name: default]
2026-09-14T20:45:20.069-03:00  INFO 8744 --- [FixIt Now] [           main] org.hibernate.Version                    : HHH000412: Hibernate ORM core version 6.5.3.Final
2026-09-14T20:45:20.220-03:00  INFO 8744 --- [FixIt Now] [           main] o.h.c.internal.RegionFactoryInitiator    : HHH000026: Second-level cache disabled
2026-09-14T20:45:21.724-03:00  INFO 8744 --- [FixIt Now] [           main] o.s.o.j.p.SpringPersistenceUnitInfo      : No LoadTimeWeaver setup: ignoring JPA class transformer
2026-09-14T20:45:22.021-03:00  INFO 8744 --- [FixIt Now] [           main] com.zaxxer.hikari.HikariDataSource       : HikariPool-1 - Starting...
2026-09-14T20:45:22.714-03:00  INFO 8744 --- [FixIt Now] [           main] com.zaxxer.hikari.pool.HikariPool        : HikariPool-1 - Added connection conn0: url=jdbc:h2:mem:fixitdb user=SA
2026-09-14T20:45:22.716-03:00  INFO 8744 --- [FixIt Now] [           main] com.zaxxer.hikari.HikariDataSource       : HikariPool-1 - Start completed.
2026-09-14T20:45:22.817-03:00  WARN 8744 --- [FixIt Now] [           main] org.hibernate.orm.deprecation            : HHH90000025: H2Dialect does not need to be specified explicitly using 'hibernate.dialect' (remove the property setting and it will be selected by default)
2026-09-14T20:45:26.735-03:00  INFO 8744 --- [FixIt Now] [           main] o.h.e.t.j.p.i.JtaPlatformInitiator       : HHH000489: No JTA platform available (set 'hibernate.transaction.jta.platform' to enable JTA platform integration)
Hibernate: 
    create table categorias_oficios (
        id bigint generated by default as identity,
        activa boolean not null,
        descripcion TEXT,
        icono_url varchar(255),
        nombre varchar(100) not null,
        primary key (id)
    )
Hibernate: 
    create table direcciones (
        id bigint generated by default as identity,
        calle varchar(150) not null,
        ciudad varchar(100) not null,
        codigo_postal varchar(20),
        es_principal boolean not null,
        latitud float(53) not null,
        longitud float(53) not null,
        numero varchar(20) not null,
        piso_depto varchar(30),
        usuario_id bigint not null,
        primary key (id)
    )
Hibernate: 
    create table perfiles_profesionales (
        id bigint generated by default as identity,
        calificacion_promedio float(53) not null,
        descripcion_experiencia TEXT,
        disponible boolean not null,
        latitud_base float(53) not null,
        longitud_base float(53) not null,
        matricula_licencia varchar(100),
        radio_cobertura_km float(53) not null,
        total_resenas integer not null,
        usuario_id bigint not null,
        primary key (id)
    )
Hibernate: 
    create table presupuestos_ofertas (
        id bigint generated by default as identity,
        descripcion_propuesta TEXT not null,
        estado_oferta enum ('ACEPTADA','PENDIENTE','RECHAZADA') not null,
        fecha_oferta timestamp(6) not null,
        monto_estimado numeric(12,2) not null,
        tiempo_estimado_horas integer not null check (tiempo_estimado_horas>=1),
        profesional_id bigint not null,
        solicitud_id bigint not null,
        primary key (id)
    )
Hibernate: 
    create table profesional_categorias (
        profesional_id bigint not null,
        categoria_id bigint not null,
        primary key (profesional_id, categoria_id)
    )
Hibernate: 
    create table resenas_calificaciones (
        id bigint generated by default as identity,
        comentario TEXT,
        fecha_resena timestamp(6) not null,
        puntaje integer not null check ((puntaje<=5) and (puntaje>=1)),
        cliente_id bigint not null,
        profesional_id bigint not null,
        solicitud_id bigint not null,
        primary key (id)
    )
Hibernate: 
    create table roles (
        id bigint generated by default as identity,
        nombre enum ('ROLE_ADMIN','ROLE_CLIENTE','ROLE_PROFESIONAL') not null,
        primary key (id)
    )
Hibernate: 
    create table solicitudes_servicio (
        id bigint generated by default as identity,
        descripcion TEXT not null,
        estado enum ('ASIGNADA','CALIFICADA','CANCELADA','EN_CAMINO','EN_EVALUACION','EN_PROCESO','FINALIZADA','PUBLICADA') not null,
        fecha_creacion timestamp(6) not null,
        fecha_solicitada timestamp(6),
        nivel_urgencia enum ('ALTA','BAJA','EMERGENCIA','MEDIA') not null,
        titulo varchar(150) not null,
        categoria_id bigint not null,
        cliente_id bigint not null,
        direccion_id bigint not null,
        profesional_asignado_id bigint,
        primary key (id)
    )
Hibernate: 
    create table usuario_roles (
        usuario_id bigint not null,
        rol_id bigint not null,
        primary key (usuario_id, rol_id)
    )
Hibernate: 
    create table usuarios (
        id bigint generated by default as identity,
        activo boolean not null,
        apellido varchar(100) not null,
        dni varchar(20) not null,
        email varchar(150) not null,
        fecha_creacion timestamp(6) not null,
        nombre varchar(100) not null,
        password_hash varchar(255) not null,
        telefono varchar(30) not null,
        primary key (id)
    )
Hibernate: 
    alter table if exists categorias_oficios 
       drop constraint if exists UKnjn7icyoh4diic8st0dtf6ak3
Hibernate: 
    alter table if exists categorias_oficios 
       add constraint UKnjn7icyoh4diic8st0dtf6ak3 unique (nombre)
Hibernate: 
    alter table if exists perfiles_profesionales 
       drop constraint if exists UK4dbjydipwoht2lqed6uf87x0a
Hibernate: 
    alter table if exists perfiles_profesionales 
       add constraint UK4dbjydipwoht2lqed6uf87x0a unique (usuario_id)
Hibernate: 
    alter table if exists presupuestos_ofertas 
       drop constraint if exists uk_solicitud_profesional
Hibernate: 
    alter table if exists presupuestos_ofertas 
       add constraint uk_solicitud_profesional unique (solicitud_id, profesional_id)
Hibernate: 
    alter table if exists resenas_calificaciones 
       drop constraint if exists UKsuucd5s60bp3pw9tkalbvejsf
Hibernate: 
    alter table if exists resenas_calificaciones 
       add constraint UKsuucd5s60bp3pw9tkalbvejsf unique (solicitud_id)
Hibernate: 
    alter table if exists roles 
       drop constraint if exists UKldv0v52e0udsh2h1rs0r0gw1n
Hibernate: 
    alter table if exists roles 
       add constraint UKldv0v52e0udsh2h1rs0r0gw1n unique (nombre)
Hibernate: 
    create index idx_solicitudes_estado 
       on solicitudes_servicio (estado)
Hibernate: 
    create index idx_solicitudes_categoria 
       on solicitudes_servicio (categoria_id)
Hibernate: 
    alter table if exists usuarios 
       drop constraint if exists UKggd9d47p8x7m0ajavk1ayuyqs
Hibernate: 
    alter table if exists usuarios 
       add constraint UKggd9d47p8x7m0ajavk1ayuyqs unique (dni)
Hibernate: 
    alter table if exists usuarios 
       drop constraint if exists UKkfsp0s1tflm1cwlj8idhqsad0
Hibernate: 
    alter table if exists usuarios 
       add constraint UKkfsp0s1tflm1cwlj8idhqsad0 unique (email)
Hibernate: 
    alter table if exists direcciones 
       add constraint FK54oy4k8b4ltgwmoq6kuocwhc7 
       foreign key (usuario_id) 
       references usuarios
Hibernate: 
    alter table if exists perfiles_profesionales 
       add constraint FK3yvgr4ah48hqw4s0axo2aiext 
       foreign key (usuario_id) 
       references usuarios
Hibernate: 
    alter table if exists presupuestos_ofertas 
       add constraint FKdjfcpp40amyh6eng41bgk66tv 
       foreign key (profesional_id) 
       references perfiles_profesionales
Hibernate: 
    alter table if exists presupuestos_ofertas 
       add constraint FK3g4iev9q5lvxih1ssj2ys4lff 
       foreign key (solicitud_id) 
       references solicitudes_servicio
Hibernate: 
    alter table if exists profesional_categorias 
       add constraint FKo6qg64edd21w3hfu7k270rd18 
       foreign key (categoria_id) 
       references categorias_oficios
Hibernate: 
    alter table if exists profesional_categorias 
       add constraint FKd2dsyen2mksrx9qufkgt4ybkw 
       foreign key (profesional_id) 
       references perfiles_profesionales
Hibernate: 
    alter table if exists resenas_calificaciones 
       add constraint FK1jupjwg5mgm7pa40rdi2mls80 
       foreign key (cliente_id) 
       references usuarios
Hibernate: 
    alter table if exists resenas_calificaciones 
       add constraint FKisso1fx5v7pn7wj73uobf42ow 
       foreign key (profesional_id) 
       references perfiles_profesionales
Hibernate: 
    alter table if exists resenas_calificaciones 
       add constraint FKiuvd234rxnt6dnqs1fwd84m6d 
       foreign key (solicitud_id) 
       references solicitudes_servicio
Hibernate: 
    alter table if exists solicitudes_servicio 
       add constraint FKqhmtvqaqunfje9effgtxg9ahr 
       foreign key (categoria_id) 
       references categorias_oficios
Hibernate: 
    alter table if exists solicitudes_servicio 
       add constraint FKj1tbic5jq9m4r6dhwn6yfuxs8 
       foreign key (cliente_id) 
       references usuarios
Hibernate: 
    alter table if exists solicitudes_servicio 
       add constraint FKqi480s46l34g9bebbbuuh5hv0 
       foreign key (direccion_id) 
       references direcciones
Hibernate: 
    alter table if exists solicitudes_servicio 
       add constraint FKbd11mtd0jdo2jn5wbt08grxgg 
       foreign key (profesional_asignado_id) 
       references perfiles_profesionales
Hibernate: 
    alter table if exists usuario_roles 
       add constraint FKbt9i9yrb9ug88xnh82n9m60pr 
       foreign key (rol_id) 
       references roles
Hibernate: 
    alter table if exists usuario_roles 
       add constraint FKuu9tea04xb29m2km5lwe46ua 
       foreign key (usuario_id) 
       references usuarios
2026-09-14T20:45:27.260-03:00  INFO 8744 --- [FixIt Now] [           main] j.LocalContainerEntityManagerFactoryBean : Initialized JPA EntityManagerFactory for persistence unit 'default'
2026-09-14T20:45:28.000-03:00  WARN 8744 --- [FixIt Now] [           main] JpaBaseConfiguration$JpaWebConfiguration : spring.jpa.open-in-view is enabled by default. Therefore, database queries may be performed during view rendering. Explicitly configure spring.jpa.open-in-view to disable this warning
2026-09-14T20:45:29.562-03:00  INFO 8744 --- [FixIt Now] [           main] o.s.b.a.h2.H2ConsoleAutoConfiguration    : H2 console available at '/h2-console'. Database available at 'jdbc:h2:mem:fixitdb'
2026-09-14T20:45:30.005-03:00  INFO 8744 --- [FixIt Now] [           main] com.fixitnow.FixItNowApplicationTests    : Started FixItNowApplicationTests in 15.632 seconds (process running for 18.546)
Hibernate: 
    select
        r1_0.id,
        r1_0.nombre 
    from
        roles r1_0 
    where
        r1_0.nombre=?
Hibernate: 
    select
        r1_0.id,
        r1_0.nombre 
    from
        roles r1_0 
    where
        r1_0.nombre=?
Hibernate: 
    insert 
    into
        usuarios
        (activo, apellido, dni, email, fecha_creacion, nombre, password_hash, telefono, id) 
    values
        (?, ?, ?, ?, ?, ?, ?, ?, default)
Hibernate: 
    insert 
    into
        usuarios
        (activo, apellido, dni, email, fecha_creacion, nombre, password_hash, telefono, id) 
    values
        (?, ?, ?, ?, ?, ?, ?, ?, default)
Hibernate: 
    select
        co1_0.id,
        co1_0.activa,
        co1_0.descripcion,
        co1_0.icono_url,
        co1_0.nombre 
    from
        categorias_oficios co1_0 
    where
        co1_0.nombre=?
Hibernate: 
    insert 
    into
        perfiles_profesionales
        (calificacion_promedio, descripcion_experiencia, disponible, latitud_base, longitud_base, matricula_licencia, radio_cobertura_km, total_resenas, usuario_id, id) 
    values
        (?, ?, ?, ?, ?, ?, ?, ?, ?, default)
Hibernate: 
    insert 
    into
        direcciones
        (calle, ciudad, codigo_postal, es_principal, latitud, longitud, numero, piso_depto, usuario_id, id) 
    values
        (?, ?, ?, ?, ?, ?, ?, ?, ?, default)
Hibernate: 
    insert 
    into
        solicitudes_servicio
        (categoria_id, cliente_id, descripcion, direccion_id, estado, fecha_creacion, fecha_solicitada, nivel_urgencia, profesional_asignado_id, titulo, id) 
    values
        (?, ?, ?, ?, ?, ?, ?, ?, ?, ?, default)
Hibernate: 
    insert 
    into
        presupuestos_ofertas
        (descripcion_propuesta, estado_oferta, fecha_oferta, monto_estimado, profesional_id, solicitud_id, tiempo_estimado_horas, id) 
    values
        (?, ?, ?, ?, ?, ?, ?, default)
Hibernate: 
    insert 
    into
        usuario_roles
        (usuario_id, rol_id) 
    values
        (?, ?)
Hibernate: 
    insert 
    into
        usuario_roles
        (usuario_id, rol_id) 
    values
        (?, ?)
Hibernate: 
    insert 
    into
        profesional_categorias
        (profesional_id, categoria_id) 
    values
        (?, ?)
]]></system-out>
    <system-err><![CDATA[WARNING: A Java agent has been loaded dynamically (C:\Users\laura\.m2\repository\net\bytebuddy\byte-buddy-agent\1.14.19\byte-buddy-agent-1.14.19.jar)
WARNING: If a serviceability tool is in use, please run with -XX:+EnableDynamicAgentLoading to hide this warning
WARNING: If a serviceability tool is not in use, please run with -Djdk.instrument.traceUsage for more information
WARNING: Dynamic loading of agents will be disallowed by default in a future release
]]></system-err>
  </testcase>
  <testcase name="contextLoads" classname="com.fixitnow.FixItNowApplicationTests" time="0.027"/>
</testsuite>